<?xml version="1.0" encoding="UTF-8"?>
<!-- Generated by org.testng.reporters.JUnitXMLReporter -->
<testsuite hostname="Shivaleela-H-MacBook-Pro.local" name="Verifying_Document_Count" tests="4" failures="2" timestamp="11 Feb 2015 09:53:01 GMT" time="437.613" errors="0">
  <testcase name="Login" time="9.479" classname="Script.Verify_STAAR_Maint_DocScoreDetails_TS"/>
  <testcase name="getExcelData" time="40.405" classname="Script.Verify_STAAR_Maint_DocScoreDetails_TS">
    <failure type="org.openqa.selenium.WebDriverException" message="unknown error: Element is not clickable at point (371, 84). Other element would receive the click: &amp;lt;div class=&amp;quot;verticalcenter&amp;quot;&amp;gt;...&amp;lt;/div&amp;gt;
  (Session info: chrome=40.0.2214.111)
  (Driver info: chromedriver=2.10.267517,platform=Mac OS X 10.8.5 x86_64) (WARNING: The server did not provide any stacktrace information)
Command duration or timeout: 34 milliseconds
Build info: version: &amp;apos;2.40.0&amp;apos;, revision: &amp;apos;fbe29a9&amp;apos;, time: &amp;apos;2014-02-19 20:55:11&amp;apos;
System info: host: &amp;apos;Shivaleela-H-MacBook-Pro.local&amp;apos;, ip: &amp;apos;192.168.0.20&amp;apos;, os.name: &amp;apos;Mac OS X&amp;apos;, os.arch: &amp;apos;x86_64&amp;apos;, os.version: &amp;apos;10.8.5&amp;apos;, java.version: &amp;apos;1.7.0_10&amp;apos;
Session ID: 185d4b9e49710b0e662afb6d87063fbb
Driver info: org.openqa.selenium.chrome.ChromeDriver
Capabilities [{platform=MAC, acceptSslCerts=true, javascriptEnabled=true, browserName=chrome, chrome={userDataDir=/var/folders/2r/n6zd9xmj21l95nhjbqhf14q80000gn/T/.org.chromium.Chromium.Dritvm}, rotatable=false, locationContextEnabled=true, version=40.0.2214.111, takesHeapSnapshot=true, cssSelectorsEnabled=true, databaseEnabled=false, handlesAlerts=true, browserConnectionEnabled=false, nativeEvents=true, webStorageEnabled=true, applicationCacheEnabled=false, takesScreenshot=true}]">
      <![CDATA[org.openqa.selenium.WebDriverException: unknown error: Element is not clickable at point (371, 84). Other element would receive the click: <div class="verticalcenter">...</div>
  (Session info: chrome=40.0.2214.111)
  (Driver info: chromedriver=2.10.267517,platform=Mac OS X 10.8.5 x86_64) (WARNING: The server did not provide any stacktrace information)
Command duration or timeout: 34 milliseconds
Build info: version: '2.40.0', revision: 'fbe29a9', time: '2014-02-19 20:55:11'
System info: host: 'Shivaleela-H-MacBook-Pro.local', ip: '192.168.0.20', os.name: 'Mac OS X', os.arch: 'x86_64', os.version: '10.8.5', java.version: '1.7.0_10'
Session ID: 185d4b9e49710b0e662afb6d87063fbb
Driver info: org.openqa.selenium.chrome.ChromeDriver
Capabilities [{platform=MAC, acceptSslCerts=true, javascriptEnabled=true, browserName=chrome, chrome={userDataDir=/var/folders/2r/n6zd9xmj21l95nhjbqhf14q80000gn/T/.org.chromium.Chromium.Dritvm}, rotatable=false, locationContextEnabled=true, version=40.0.2214.111, takesHeapSnapshot=true, cssSelectorsEnabled=true, databaseEnabled=false, handlesAlerts=true, browserConnectionEnabled=false, nativeEvents=true, webStorageEnabled=true, applicationCacheEnabled=false, takesScreenshot=true}]
	at org.openqa.selenium.remote.ErrorHandler.createThrowable(ErrorHandler.java:193)
	at org.openqa.selenium.remote.ErrorHandler.throwIfResponseFailed(ErrorHandler.java:145)
	at org.openqa.selenium.remote.RemoteWebDriver.execute(RemoteWebDriver.java:573)
	at org.openqa.selenium.remote.RemoteWebElement.execute(RemoteWebElement.java:268)
	at org.openqa.selenium.remote.RemoteWebElement.click(RemoteWebElement.java:79)
	at Script.Verify_STAAR_Maint_DocScoreDetails_TS.VerifyDocumentScoreDetails(Verify_STAAR_Maint_DocScoreDetails_TS.java:77)
	at Script.Verify_STAAR_Maint_DocScoreDetails_TS.getExcelData(Verify_STAAR_Maint_DocScoreDetails_TS.java:64)
	at java.util.concurrent.FutureTask$Sync.innerRun(FutureTask.java:334)
	at java.util.concurrent.FutureTask.run(FutureTask.java:166)
	at java.util.concurrent.ThreadPoolExecutor.runWorker(ThreadPoolExecutor.java:1110)
	at java.util.concurrent.ThreadPoolExecutor$Worker.run(ThreadPoolExecutor.java:603)
	at java.lang.Thread.run(Thread.java:722)
... Removed 20 stack frames]]>
    </failure>
  </testcase> <!-- getExcelData -->
  <testcase name="Login" time="4.371" classname="Script.STAAR_MaintDoc_SANITY_TEST"/>
  <testcase name="getExcelData" time="366.454" classname="Script.STAAR_MaintDoc_SANITY_TEST">
    <failure type="java.lang.NullPointerException">
      <![CDATA[java.lang.NullPointerException
	at Script.STAAR_MaintDoc_SANITY_TEST.VerifyProgramFunInfo(STAAR_MaintDoc_SANITY_TEST.java:132)
	at Script.STAAR_MaintDoc_SANITY_TEST.getExcelData(STAAR_MaintDoc_SANITY_TEST.java:59)
	at java.util.concurrent.FutureTask$Sync.innerRun(FutureTask.java:334)
	at java.util.concurrent.FutureTask.run(FutureTask.java:166)
	at java.util.concurrent.ThreadPoolExecutor.runWorker(ThreadPoolExecutor.java:1110)
	at java.util.concurrent.ThreadPoolExecutor$Worker.run(ThreadPoolExecutor.java:603)
	at java.lang.Thread.run(Thread.java:722)
... Removed 16 stack frames]]>
    </failure>
  </testcase> <!-- getExcelData -->
</testsuite> <!-- Verifying_Document_Count -->
