<?xml version="1.0" encoding="UTF-8"?>
<!-- Generated by org.testng.reporters.JUnitReportReporter -->
<testsuite hostname="Shivaleela-H-MacBook-Pro.local" name="Maintenance_CPALLS.PerformanceTest" tests="2" failures="2" timestamp="14 Jun 2016 09:30:15 GMT" time="58.785" errors="0">
  <testcase name="performanceTest" time="28.457" classname="Maintenance_CPALLS.PerformanceTest">
    <failure type="org.openqa.selenium.SessionNotCreatedException" message="session not created exception
from disconnected: Unable to receive message from renderer
  (Session info: chrome=49.0.2623.112)
  (Driver info: chromedriver=2.19.346063 (38b35413bd4a486d436a9749e090454bc9ff6708),platform=Mac OS X 10.8.5 x86_64) (WARNING: The server did not provide any stacktrace information)
Command duration or timeout: 27.40 seconds
Build info: version: &#039;2.40.0&#039;, revision: &#039;fbe29a9&#039;, time: &#039;2014-02-19 20:55:11&#039;
System info: host: &#039;Shivaleela-H-MacBook-Pro.local&#039;, ip: &#039;192.168.2.1&#039;, os.name: &#039;Mac OS X&#039;, os.arch: &#039;x86_64&#039;, os.version: &#039;10.8.5&#039;, java.version: &#039;1.7.0_10&#039;
Driver info: org.openqa.selenium.chrome.ChromeDriver">
      <![CDATA[org.openqa.selenium.SessionNotCreatedException: session not created exception
from disconnected: Unable to receive message from renderer
  (Session info: chrome=49.0.2623.112)
  (Driver info: chromedriver=2.19.346063 (38b35413bd4a486d436a9749e090454bc9ff6708),platform=Mac OS X 10.8.5 x86_64) (WARNING: The server did not provide any stacktrace information)
Command duration or timeout: 27.40 seconds
Build info: version: '2.40.0', revision: 'fbe29a9', time: '2014-02-19 20:55:11'
System info: host: 'Shivaleela-H-MacBook-Pro.local', ip: '192.168.2.1', os.name: 'Mac OS X', os.arch: 'x86_64', os.version: '10.8.5', java.version: '1.7.0_10'
Driver info: org.openqa.selenium.chrome.ChromeDriver
	at sun.reflect.NativeConstructorAccessorImpl.newInstance0(Native Method)
	at sun.reflect.NativeConstructorAccessorImpl.newInstance(NativeConstructorAccessorImpl.java:57)
	at sun.reflect.DelegatingConstructorAccessorImpl.newInstance(DelegatingConstructorAccessorImpl.java:45)
	at java.lang.reflect.Constructor.newInstance(Constructor.java:525)
	at org.openqa.selenium.remote.ErrorHandler.createThrowable(ErrorHandler.java:193)
	at org.openqa.selenium.remote.ErrorHandler.throwIfResponseFailed(ErrorHandler.java:145)
	at org.openqa.selenium.remote.RemoteWebDriver.execute(RemoteWebDriver.java:573)
	at org.openqa.selenium.remote.RemoteWebDriver.startSession(RemoteWebDriver.java:218)
	at org.openqa.selenium.chrome.ChromeDriver.startSession(ChromeDriver.java:181)
	at org.openqa.selenium.remote.RemoteWebDriver.<init>(RemoteWebDriver.java:113)
	at org.openqa.selenium.remote.RemoteWebDriver.<init>(RemoteWebDriver.java:117)
	at org.openqa.selenium.chrome.ChromeDriver.<init>(ChromeDriver.java:160)
	at org.openqa.selenium.chrome.ChromeDriver.<init>(ChromeDriver.java:149)
	at org.openqa.selenium.chrome.ChromeDriver.<init>(ChromeDriver.java:106)
	at Maintenance_CPALLS.PerformanceTest.performanceTest(PerformanceTest.java:16)
	at sun.reflect.NativeMethodAccessorImpl.invoke0(Native Method)
	at sun.reflect.NativeMethodAccessorImpl.invoke(NativeMethodAccessorImpl.java:57)
	at sun.reflect.DelegatingMethodAccessorImpl.invoke(DelegatingMethodAccessorImpl.java:43)
	at java.lang.reflect.Method.invoke(Method.java:601)
	at org.testng.internal.MethodInvocationHelper.invokeMethod(MethodInvocationHelper.java:84)
	at org.testng.internal.Invoker.invokeMethod(Invoker.java:714)
	at org.testng.internal.Invoker.invokeTestMethod(Invoker.java:901)
	at org.testng.internal.Invoker.invokeTestMethods(Invoker.java:1231)
	at org.testng.internal.TestMethodWorker.invokeTestMethods(TestMethodWorker.java:127)
	at org.testng.internal.TestMethodWorker.run(TestMethodWorker.java:111)
	at org.testng.internal.thread.ThreadUtil$2.call(ThreadUtil.java:64)
	at java.util.concurrent.FutureTask$Sync.innerRun(FutureTask.java:334)
	at java.util.concurrent.FutureTask.run(FutureTask.java:166)
	at java.util.concurrent.ThreadPoolExecutor.runWorker(ThreadPoolExecutor.java:1110)
	at java.util.concurrent.ThreadPoolExecutor$Worker.run(ThreadPoolExecutor.java:603)
	at java.lang.Thread.run(Thread.java:722)
]]>
    </failure>
  </testcase> <!-- performanceTest -->
  <testcase name="performanceTest" time="30.328" classname="Maintenance_CPALLS.PerformanceTest">
    <failure type="org.openqa.selenium.SessionNotCreatedException" message="session not created exception
from disconnected: Unable to receive message from renderer
  (Session info: chrome=49.0.2623.112)
  (Driver info: chromedriver=2.19.346063 (38b35413bd4a486d436a9749e090454bc9ff6708),platform=Mac OS X 10.8.5 x86_64) (WARNING: The server did not provide any stacktrace information)
Command duration or timeout: 29.28 seconds
Build info: version: &#039;2.40.0&#039;, revision: &#039;fbe29a9&#039;, time: &#039;2014-02-19 20:55:11&#039;
System info: host: &#039;Shivaleela-H-MacBook-Pro.local&#039;, ip: &#039;192.168.2.1&#039;, os.name: &#039;Mac OS X&#039;, os.arch: &#039;x86_64&#039;, os.version: &#039;10.8.5&#039;, java.version: &#039;1.7.0_10&#039;
Driver info: org.openqa.selenium.chrome.ChromeDriver">
      <![CDATA[org.openqa.selenium.SessionNotCreatedException: session not created exception
from disconnected: Unable to receive message from renderer
  (Session info: chrome=49.0.2623.112)
  (Driver info: chromedriver=2.19.346063 (38b35413bd4a486d436a9749e090454bc9ff6708),platform=Mac OS X 10.8.5 x86_64) (WARNING: The server did not provide any stacktrace information)
Command duration or timeout: 29.28 seconds
Build info: version: '2.40.0', revision: 'fbe29a9', time: '2014-02-19 20:55:11'
System info: host: 'Shivaleela-H-MacBook-Pro.local', ip: '192.168.2.1', os.name: 'Mac OS X', os.arch: 'x86_64', os.version: '10.8.5', java.version: '1.7.0_10'
Driver info: org.openqa.selenium.chrome.ChromeDriver
	at sun.reflect.NativeConstructorAccessorImpl.newInstance0(Native Method)
	at sun.reflect.NativeConstructorAccessorImpl.newInstance(NativeConstructorAccessorImpl.java:57)
	at sun.reflect.DelegatingConstructorAccessorImpl.newInstance(DelegatingConstructorAccessorImpl.java:45)
	at java.lang.reflect.Constructor.newInstance(Constructor.java:525)
	at org.openqa.selenium.remote.ErrorHandler.createThrowable(ErrorHandler.java:193)
	at org.openqa.selenium.remote.ErrorHandler.throwIfResponseFailed(ErrorHandler.java:145)
	at org.openqa.selenium.remote.RemoteWebDriver.execute(RemoteWebDriver.java:573)
	at org.openqa.selenium.remote.RemoteWebDriver.startSession(RemoteWebDriver.java:218)
	at org.openqa.selenium.chrome.ChromeDriver.startSession(ChromeDriver.java:181)
	at org.openqa.selenium.remote.RemoteWebDriver.<init>(RemoteWebDriver.java:113)
	at org.openqa.selenium.remote.RemoteWebDriver.<init>(RemoteWebDriver.java:117)
	at org.openqa.selenium.chrome.ChromeDriver.<init>(ChromeDriver.java:160)
	at org.openqa.selenium.chrome.ChromeDriver.<init>(ChromeDriver.java:149)
	at org.openqa.selenium.chrome.ChromeDriver.<init>(ChromeDriver.java:106)
	at Maintenance_CPALLS.PerformanceTest.performanceTest(PerformanceTest.java:16)
	at sun.reflect.NativeMethodAccessorImpl.invoke0(Native Method)
	at sun.reflect.NativeMethodAccessorImpl.invoke(NativeMethodAccessorImpl.java:57)
	at sun.reflect.DelegatingMethodAccessorImpl.invoke(DelegatingMethodAccessorImpl.java:43)
	at java.lang.reflect.Method.invoke(Method.java:601)
	at org.testng.internal.MethodInvocationHelper.invokeMethod(MethodInvocationHelper.java:84)
	at org.testng.internal.Invoker.invokeMethod(Invoker.java:714)
	at org.testng.internal.Invoker.invokeTestMethod(Invoker.java:901)
	at org.testng.internal.Invoker.invokeTestMethods(Invoker.java:1231)
	at org.testng.internal.TestMethodWorker.invokeTestMethods(TestMethodWorker.java:127)
	at org.testng.internal.TestMethodWorker.run(TestMethodWorker.java:111)
	at org.testng.internal.thread.ThreadUtil$2.call(ThreadUtil.java:64)
	at java.util.concurrent.FutureTask$Sync.innerRun(FutureTask.java:334)
	at java.util.concurrent.FutureTask.run(FutureTask.java:166)
	at java.util.concurrent.ThreadPoolExecutor.runWorker(ThreadPoolExecutor.java:1110)
	at java.util.concurrent.ThreadPoolExecutor$Worker.run(ThreadPoolExecutor.java:603)
	at java.lang.Thread.run(Thread.java:722)
]]>
    </failure>
  </testcase> <!-- performanceTest -->
</testsuite> <!-- Maintenance_CPALLS.PerformanceTest -->
